[ 2015-07-28T09:29:57+08:00 ] 127.0.0.1 /
NOTIC: [8] Use of undefined constant HTTP_CLIENT_IP - assumed 'HTTP_CLIENT_IP' F:\gitHub\techan\Application\Common\Common\function.php 第 821 行.
NOTIC: [8] Use of undefined constant HTTP_X_FORWARDED_FOR - assumed 'HTTP_X_FORWARDED_FOR' F:\gitHub\techan\Application\Common\Common\function.php 第 823 行.
NOTIC: [8] Use of undefined constant REMOTE_ADDR - assumed 'REMOTE_ADDR' F:\gitHub\techan\Application\Common\Common\function.php 第 825 行.
NOTIC: [8] Use of undefined constant REMOTE_ADDR - assumed 'REMOTE_ADDR' F:\gitHub\techan\Application\Common\Common\function.php 第 825 行.
NOTIC: [8] Use of undefined constant unknown - assumed 'unknown' F:\gitHub\techan\Application\Common\Common\function.php 第 825 行.
NOTIC: [8] Use of undefined constant REMOTE_ADDR - assumed 'REMOTE_ADDR' F:\gitHub\techan\Application\Common\Common\function.php 第 826 行.
NOTIC: [8] Undefined index: HTTP_REFERER F:\gitHub\techan\Application\Common\Common\function.php 第 852 行.
SQL: SHOW COLUMNS FROM `tc_records` [ RunTime:0.0240s ]
SQL: SELECT * FROM `tc_records` WHERE ( ip='127.0.0.1' and tag='1' and page='index' )  [ RunTime:0.0010s ]
SQL: SELECT `time` FROM `tc_records` WHERE ( ip='127.0.0.1' and tag='1' and page='index' ) ORDER BY id desc LIMIT 1   [ RunTime:0.0020s ]
SQL: INSERT INTO `tc_records` (`ip`,`country`,`province`,`city`,`isp`,`tag`,`page`,`time`,`url`) VALUES ('127.0.0.1','未分配或者内网IP','','','','1','index','1438046996','dev.techan.com/') [ RunTime:0.0010s ]
SQL: SHOW COLUMNS FROM `tc_category` [ RunTime:0.0290s ]
SQL: SHOW COLUMNS FROM `tc_category` [ RunTime:0.0060s ]
SQL: SELECT `id`,`name`,`pid`,`title` FROM `tc_category` WHERE `display` = 1 AND `ismenu` = 1 AND `status` = 1 ORDER BY sort desc  [ RunTime:0.0010s ]
SQL: SHOW COLUMNS FROM `tc_document` [ RunTime:0.0320s ]
SQL: SHOW COLUMNS FROM `tc_category` [ RunTime:0.0050s ]
SQL: SELECT `id` FROM `tc_category` WHERE ( display=1 and pid=0 )  [ RunTime:0.0010s ]
SQL: SHOW COLUMNS FROM `tc_slide` [ RunTime:0.0300s ]
SQL: SELECT * FROM `tc_slide` WHERE ( status=1 )  [ RunTime:0.0010s ]
SQL: SHOW COLUMNS FROM `tc_document_product` [ RunTime:0.0310s ]
SQL: SELECT * FROM `tc_document_product` WHERE ( mark="2" ) ORDER BY id desc LIMIT 6   [ RunTime:0.0010s ]
SQL: SELECT * FROM `tc_document_product` ORDER BY id desc LIMIT 6   [ RunTime:0.0010s ]
SQL: SHOW COLUMNS FROM `tc_document` [ RunTime:0.0060s ]
SQL: SELECT * FROM `tc_document` ORDER BY sale desc LIMIT 6   [ RunTime:0.0010s ]
SQL: SELECT * FROM `tc_document` WHERE ( position="4" )  [ RunTime:0.0010s ]
SQL: SHOW COLUMNS FROM `tc_config` [ RunTime:0.0050s ]
SQL: SELECT `value` FROM `tc_config` WHERE ( id="40" ) LIMIT 1   [ RunTime:0.0010s ]
SQL: SHOW COLUMNS FROM `tc_shopcart` [ RunTime:0.0290s ]
SQL: SHOW COLUMNS FROM `tc_member` [ RunTime:0.0340s ]
SQL: SELECT * FROM `tc_shopcart` WHERE `uid` = null  [ RunTime:0.0010s ]
NOTIC: [8] Undefined index: cart F:\gitHub\techan\Application\Home\Controller\IndexController.class.php 第 65 行.
SQL: SELECT `type`,`name`,`value` FROM `tc_config` WHERE `status` = 1  [ RunTime:0.0010s ]
SQL: SELECT * FROM `tc_category` WHERE ( ismenu='2' and pid='0' ) ORDER BY id asc  [ RunTime:0.0010s ]
SQL: SELECT * FROM `tc_category` WHERE ( pid='77' )  [ RunTime:0.0000s ]
SQL: SELECT * FROM `tc_category` WHERE ( pid='133' )  [ RunTime:0.0000s ]
SQL: SELECT * FROM `tc_category` WHERE ( pid='137' )  [ RunTime:0.0010s ]
SQL: SELECT * FROM `tc_category` WHERE ( pid='141' )  [ RunTime:0.0010s ]
SQL: SELECT `id`,`name`,`title`,`pid`,`sort`,`list_row`,`meta_title`,`keywords`,`description`,`template_index`,`template_lists`,`template_detail`,`template_edit`,`model`,`model_sub`,`type`,`link_id`,`allow_publish`,`display`,`reply`,`check`,`reply_model`,`extend`,`create_time`,`update_time`,`status`,`icon`,`ismenu` FROM `tc_category` WHERE `status` = 1 AND `ismenu` = 1 ORDER BY sort desc  [ RunTime:0.0020s ]
NOTIC: [8] Undefined index: _ F:\gitHub\techan\Application\Home\Controller\IndexController.class.php 第 192 行.
NOTIC: [2] Invalid argument supplied for foreach() F:\gitHub\techan\Application\Home\Controller\IndexController.class.php 第 192 行.
NOTIC: [8] Undefined index: _ F:\gitHub\techan\Application\Home\Controller\IndexController.class.php 第 192 行.
NOTIC: [2] Invalid argument supplied for foreach() F:\gitHub\techan\Application\Home\Controller\IndexController.class.php 第 192 行.
NOTIC: [8] Undefined index: _ F:\gitHub\techan\Application\Home\Controller\IndexController.class.php 第 192 行.
NOTIC: [2] Invalid argument supplied for foreach() F:\gitHub\techan\Application\Home\Controller\IndexController.class.php 第 192 行.
NOTIC: [8] Undefined index: _ F:\gitHub\techan\Application\Home\Controller\IndexController.class.php 第 192 行.
NOTIC: [2] Invalid argument supplied for foreach() F:\gitHub\techan\Application\Home\Controller\IndexController.class.php 第 192 行.
SQL: SHOW COLUMNS FROM `tc_document` [ RunTime:0.0040s ]
SQL: SELECT * FROM `tc_document` WHERE `category_id` IN ('145','146','147','148','149') AND `status` = 1 ORDER BY id desc LIMIT 10   [ RunTime:0.0020s ]
NOTIC: [8] Undefined index: _ F:\gitHub\techan\Application\Home\Controller\IndexController.class.php 第 192 行.
NOTIC: [2] Invalid argument supplied for foreach() F:\gitHub\techan\Application\Home\Controller\IndexController.class.php 第 192 行.
NOTIC: [8] Undefined index: _ F:\gitHub\techan\Application\Home\Controller\IndexController.class.php 第 192 行.
NOTIC: [2] Invalid argument supplied for foreach() F:\gitHub\techan\Application\Home\Controller\IndexController.class.php 第 192 行.
SQL: SELECT * FROM `tc_document` WHERE `category_id` IN ('150','151','152') AND `status` = 1 ORDER BY id desc LIMIT 10   [ RunTime:0.0010s ]
INFO: [ view_parse ] --START--
INFO: [ template_filter ] --START--
INFO: Run Behavior\ContentReplaceBehavior [ RunTime:0.001000s ]
INFO: [ template_filter ] --END-- [ RunTime:0.002000s ]
SQL: SHOW COLUMNS FROM `tc_channel` [ RunTime:0.0460s ]
SQL: SELECT `id`,`pid`,`title`,`url`,`sort`,`create_time`,`update_time`,`status`,`target` FROM `tc_channel` WHERE ( status=1 ) ORDER BY sort  [ RunTime:0.0000s ]
SQL: SHOW COLUMNS FROM `tc_picture` [ RunTime:0.0570s ]
SQL: SELECT * FROM `tc_picture` WHERE `status` = 1 AND `id` = 50 LIMIT 1   [ RunTime:0.0010s ]
SQL: SELECT * FROM `tc_picture` WHERE `status` = 1 AND `id` = 49 LIMIT 1   [ RunTime:0.0020s ]
SQL: SELECT * FROM `tc_picture` WHERE `status` = 1 AND `id` = 34 LIMIT 1   [ RunTime:0.0010s ]
SQL: SELECT * FROM `tc_picture` WHERE `status` = 1 AND `id` = 48 LIMIT 1   [ RunTime:0.0010s ]
SQL: SELECT * FROM `tc_picture` WHERE `status` = 1 AND `id` = 33 LIMIT 1   [ RunTime:0.0010s ]
SQL: SELECT `id`,`name`,`title`,`pid`,`sort`,`list_row`,`meta_title`,`keywords`,`description`,`template_index`,`template_lists`,`template_detail`,`template_edit`,`model`,`model_sub`,`type`,`link_id`,`allow_publish`,`display`,`reply`,`check`,`reply_model`,`extend`,`create_time`,`update_time`,`status`,`icon`,`ismenu` FROM `tc_category` WHERE `id` = 56 LIMIT 1   [ RunTime:0.0000s ]
SQL: SELECT `id`,`name`,`pid`,`title`,`link_id` FROM `tc_category` WHERE `status` = 1 AND `ismenu` = 1 ORDER BY sort desc  [ RunTime:0.0010s ]
SQL: SELECT `id`,`uid`,`name`,`title`,`category_id`,`description`,`root`,`pid`,`model_id`,`type`,`position`,`link_id`,`cover_id`,`display`,`deadline`,`attach`,`view`,`comment`,`extend`,`level`,`create_time`,`update_time`,`status`,`price`,`tuan_price`,`qg_price`,`ms_price`,`brand`,`sale`,`percent` FROM `tc_document` WHERE `status` = 1 AND `pid` = 0 AND `category_id` IN ('in','56','56') AND `create_time` < 1438046996 AND ( deadline = 0 OR deadline > 1438046996 ) ORDER BY `level` DESC,`id` DESC LIMIT 0,10   [ RunTime:0.0020s ]
NOTIC: [8] Undefined variable: article F:\gitHub\techan\Runtime\Cache\Home\769e70f2e46f34ceb60619bbda5e4691.php 第 323 行.
SQL: SELECT * FROM `tc_picture` WHERE `status` = 1 AND `id` = 117 LIMIT 1   [ RunTime:0.0000s ]
SQL: SELECT * FROM `tc_picture` WHERE `status` = 1 AND `id` = 109 LIMIT 1   [ RunTime:0.0010s ]
NOTIC: [8] Undefined variable: v F:\gitHub\techan\Runtime\Cache\Home\769e70f2e46f34ceb60619bbda5e4691.php 第 357 行.
SQL: SELECT * FROM `tc_document_product` WHERE `id` = null LIMIT 1   [ RunTime:0.0010s ]
SQL: SELECT * FROM `tc_picture` WHERE `status` = 1 AND `id` = 119 LIMIT 1   [ RunTime:0.0010s ]
NOTIC: [8] Undefined variable: url F:\gitHub\techan\Runtime\Cache\Home\769e70f2e46f34ceb60619bbda5e4691.php 第 384 行.
INFO: Run Behavior\ParseTemplateBehavior [ RunTime:0.617035s ]
INFO: [ view_parse ] --END-- [ RunTime:0.618035s ]
INFO: [ view_filter ] --START--
INFO: Run Behavior\WriteHtmlCacheBehavior [ RunTime:0.026002s ]
INFO: [ view_filter ] --END-- [ RunTime:0.028002s ]
INFO: [ app_end ] --START--
INFO: Run Behavior\ShowPageTraceBehavior [ RunTime:0.005000s ]
INFO: [ app_end ] --END-- [ RunTime:0.006000s ]

[ 2015-07-28T09:29:58+08:00 ] 127.0.0.1 /
INFO: [ app_begin ] --START--
INFO: Run Behavior\ReadHtmlCacheBehavior [ RunTime:0.001000s ]
INFO: [ app_begin ] --END-- [ RunTime:0.003000s ]
SQL: SHOW COLUMNS FROM `tc_config` [ RunTime:0.0060s ]
SQL: SELECT `type`,`name`,`value` FROM `tc_config` WHERE `status` = 1  [ RunTime:0.0010s ]
NOTIC: [8] Use of undefined constant HTTP_CLIENT_IP - assumed 'HTTP_CLIENT_IP' F:\gitHub\techan\Application\Common\Common\function.php 第 821 行.
NOTIC: [8] Use of undefined constant HTTP_X_FORWARDED_FOR - assumed 'HTTP_X_FORWARDED_FOR' F:\gitHub\techan\Application\Common\Common\function.php 第 823 行.
NOTIC: [8] Use of undefined constant REMOTE_ADDR - assumed 'REMOTE_ADDR' F:\gitHub\techan\Application\Common\Common\function.php 第 825 行.
NOTIC: [8] Use of undefined constant REMOTE_ADDR - assumed 'REMOTE_ADDR' F:\gitHub\techan\Application\Common\Common\function.php 第 825 行.
NOTIC: [8] Use of undefined constant unknown - assumed 'unknown' F:\gitHub\techan\Application\Common\Common\function.php 第 825 行.
NOTIC: [8] Use of undefined constant REMOTE_ADDR - assumed 'REMOTE_ADDR' F:\gitHub\techan\Application\Common\Common\function.php 第 826 行.
SQL: SHOW COLUMNS FROM `tc_records` [ RunTime:0.0060s ]
SQL: SELECT * FROM `tc_records` WHERE ( ip='127.0.0.1' and tag='1' and page='index' )  [ RunTime:0.0010s ]
SQL: SELECT `time` FROM `tc_records` WHERE ( ip='127.0.0.1' and tag='1' and page='index' ) ORDER BY id desc LIMIT 1   [ RunTime:0.0020s ]
SQL: SHOW COLUMNS FROM `tc_category` [ RunTime:0.0050s ]
SQL: SHOW COLUMNS FROM `tc_category` [ RunTime:0.0050s ]
SQL: SELECT `id`,`name`,`pid`,`title` FROM `tc_category` WHERE `display` = 1 AND `ismenu` = 1 AND `status` = 1 ORDER BY sort desc  [ RunTime:0.0010s ]
SQL: SHOW COLUMNS FROM `tc_document` [ RunTime:0.0060s ]
SQL: SHOW COLUMNS FROM `tc_category` [ RunTime:0.0040s ]
SQL: SELECT `id` FROM `tc_category` WHERE ( display=1 and pid=0 )  [ RunTime:0.0010s ]
SQL: SHOW COLUMNS FROM `tc_slide` [ RunTime:0.0040s ]
SQL: SELECT * FROM `tc_slide` WHERE ( status=1 )  [ RunTime:0.0000s ]
SQL: SHOW COLUMNS FROM `tc_document_product` [ RunTime:0.0040s ]
SQL: SELECT * FROM `tc_document_product` WHERE ( mark="2" ) ORDER BY id desc LIMIT 6   [ RunTime:0.0010s ]
SQL: SELECT * FROM `tc_document_product` ORDER BY id desc LIMIT 6   [ RunTime:0.0010s ]
SQL: SHOW COLUMNS FROM `tc_document` [ RunTime:0.0030s ]
SQL: SELECT * FROM `tc_document` ORDER BY sale desc LIMIT 6   [ RunTime:0.0010s ]
SQL: SELECT * FROM `tc_document` WHERE ( position="4" )  [ RunTime:0.0000s ]
SQL: SHOW COLUMNS FROM `tc_config` [ RunTime:0.0060s ]
SQL: SELECT `value` FROM `tc_config` WHERE ( id="40" ) LIMIT 1   [ RunTime:0.0020s ]
SQL: SHOW COLUMNS FROM `tc_shopcart` [ RunTime:0.0040s ]
SQL: SHOW COLUMNS FROM `tc_member` [ RunTime:0.0060s ]
SQL: SELECT * FROM `tc_shopcart` WHERE `uid` = null  [ RunTime:0.0000s ]
NOTIC: [8] Undefined index: cart F:\gitHub\techan\Application\Home\Controller\IndexController.class.php 第 65 行.
SQL: SELECT `type`,`name`,`value` FROM `tc_config` WHERE `status` = 1  [ RunTime:0.0010s ]
SQL: SELECT * FROM `tc_category` WHERE ( ismenu='2' and pid='0' ) ORDER BY id asc  [ RunTime:0.0030s ]
SQL: SELECT * FROM `tc_category` WHERE ( pid='77' )  [ RunTime:0.0010s ]
SQL: SELECT * FROM `tc_category` WHERE ( pid='133' )  [ RunTime:0.0010s ]
SQL: SELECT * FROM `tc_category` WHERE ( pid='137' )  [ RunTime:0.0000s ]
SQL: SELECT * FROM `tc_category` WHERE ( pid='141' )  [ RunTime:0.0000s ]
SQL: SELECT `id`,`name`,`title`,`pid`,`sort`,`list_row`,`meta_title`,`keywords`,`description`,`template_index`,`template_lists`,`template_detail`,`template_edit`,`model`,`model_sub`,`type`,`link_id`,`allow_publish`,`display`,`reply`,`check`,`reply_model`,`extend`,`create_time`,`update_time`,`status`,`icon`,`ismenu` FROM `tc_category` WHERE `status` = 1 AND `ismenu` = 1 ORDER BY sort desc  [ RunTime:0.0020s ]
NOTIC: [8] Undefined index: _ F:\gitHub\techan\Application\Home\Controller\IndexController.class.php 第 192 行.
NOTIC: [2] Invalid argument supplied for foreach() F:\gitHub\techan\Application\Home\Controller\IndexController.class.php 第 192 行.
NOTIC: [8] Undefined index: _ F:\gitHub\techan\Application\Home\Controller\IndexController.class.php 第 192 行.
NOTIC: [2] Invalid argument supplied for foreach() F:\gitHub\techan\Application\Home\Controller\IndexController.class.php 第 192 行.
NOTIC: [8] Undefined index: _ F:\gitHub\techan\Application\Home\Controller\IndexController.class.php 第 192 行.
NOTIC: [2] Invalid argument supplied for foreach() F:\gitHub\techan\Application\Home\Controller\IndexController.class.php 第 192 行.
NOTIC: [8] Undefined index: _ F:\gitHub\techan\Application\Home\Controller\IndexController.class.php 第 192 行.
NOTIC: [2] Invalid argument supplied for foreach() F:\gitHub\techan\Application\Home\Controller\IndexController.class.php 第 192 行.
SQL: SHOW COLUMNS FROM `tc_document` [ RunTime:0.0040s ]
SQL: SELECT * FROM `tc_document` WHERE `category_id` IN ('145','146','147','148','149') AND `status` = 1 ORDER BY id desc LIMIT 10   [ RunTime:0.0010s ]
NOTIC: [8] Undefined index: _ F:\gitHub\techan\Application\Home\Controller\IndexController.class.php 第 192 行.
NOTIC: [2] Invalid argument supplied for foreach() F:\gitHub\techan\Application\Home\Controller\IndexController.class.php 第 192 行.
NOTIC: [8] Undefined index: _ F:\gitHub\techan\Application\Home\Controller\IndexController.class.php 第 192 行.
NOTIC: [2] Invalid argument supplied for foreach() F:\gitHub\techan\Application\Home\Controller\IndexController.class.php 第 192 行.
SQL: SELECT * FROM `tc_document` WHERE `category_id` IN ('150','151','152') AND `status` = 1 ORDER BY id desc LIMIT 10   [ RunTime:0.0050s ]
INFO: [ view_parse ] --START--
INFO: [ template_filter ] --START--
INFO: Run Behavior\ContentReplaceBehavior [ RunTime:0.000000s ]
INFO: [ template_filter ] --END-- [ RunTime:0.000000s ]
SQL: SHOW COLUMNS FROM `tc_channel` [ RunTime:0.0040s ]
SQL: SELECT `id`,`pid`,`title`,`url`,`sort`,`create_time`,`update_time`,`status`,`target` FROM `tc_channel` WHERE ( status=1 ) ORDER BY sort  [ RunTime:0.0010s ]
SQL: SHOW COLUMNS FROM `tc_picture` [ RunTime:0.0040s ]
SQL: SELECT * FROM `tc_picture` WHERE `status` = 1 AND `id` = 50 LIMIT 1   [ RunTime:0.0000s ]
SQL: SELECT * FROM `tc_picture` WHERE `status` = 1 AND `id` = 49 LIMIT 1   [ RunTime:0.0010s ]
SQL: SELECT * FROM `tc_picture` WHERE `status` = 1 AND `id` = 34 LIMIT 1   [ RunTime:0.0010s ]
SQL: SELECT * FROM `tc_picture` WHERE `status` = 1 AND `id` = 48 LIMIT 1   [ RunTime:0.0000s ]
SQL: SELECT * FROM `tc_picture` WHERE `status` = 1 AND `id` = 33 LIMIT 1   [ RunTime:0.0010s ]
SQL: SELECT `id`,`name`,`title`,`pid`,`sort`,`list_row`,`meta_title`,`keywords`,`description`,`template_index`,`template_lists`,`template_detail`,`template_edit`,`model`,`model_sub`,`type`,`link_id`,`allow_publish`,`display`,`reply`,`check`,`reply_model`,`extend`,`create_time`,`update_time`,`status`,`icon`,`ismenu` FROM `tc_category` WHERE `id` = 56 LIMIT 1   [ RunTime:0.0010s ]
SQL: SELECT `id`,`name`,`pid`,`title`,`link_id` FROM `tc_category` WHERE `status` = 1 AND `ismenu` = 1 ORDER BY sort desc  [ RunTime:0.0000s ]
SQL: SELECT `id`,`uid`,`name`,`title`,`category_id`,`description`,`root`,`pid`,`model_id`,`type`,`position`,`link_id`,`cover_id`,`display`,`deadline`,`attach`,`view`,`comment`,`extend`,`level`,`create_time`,`update_time`,`status`,`price`,`tuan_price`,`qg_price`,`ms_price`,`brand`,`sale`,`percent` FROM `tc_document` WHERE `status` = 1 AND `pid` = 0 AND `category_id` IN ('in','56','56') AND `create_time` < 1438046997 AND ( deadline = 0 OR deadline > 1438046997 ) ORDER BY `level` DESC,`id` DESC LIMIT 0,10   [ RunTime:0.0010s ]
NOTIC: [8] Undefined variable: article F:\gitHub\techan\Runtime\Cache\Home\769e70f2e46f34ceb60619bbda5e4691.php 第 323 行.
SQL: SELECT * FROM `tc_picture` WHERE `status` = 1 AND `id` = 117 LIMIT 1   [ RunTime:0.0000s ]
SQL: SELECT * FROM `tc_picture` WHERE `status` = 1 AND `id` = 109 LIMIT 1   [ RunTime:0.0010s ]
NOTIC: [8] Undefined variable: v F:\gitHub\techan\Runtime\Cache\Home\769e70f2e46f34ceb60619bbda5e4691.php 第 357 行.
SQL: SELECT * FROM `tc_document_product` WHERE `id` = null LIMIT 1   [ RunTime:0.0000s ]
SQL: SELECT * FROM `tc_picture` WHERE `status` = 1 AND `id` = 119 LIMIT 1   [ RunTime:0.0010s ]
NOTIC: [8] Undefined variable: url F:\gitHub\techan\Runtime\Cache\Home\769e70f2e46f34ceb60619bbda5e4691.php 第 384 行.
INFO: Run Behavior\ParseTemplateBehavior [ RunTime:0.446621s ]
INFO: [ view_parse ] --END-- [ RunTime:0.447621s ]
INFO: [ view_filter ] --START--
INFO: Run Behavior\WriteHtmlCacheBehavior [ RunTime:0.001000s ]
INFO: [ view_filter ] --END-- [ RunTime:0.002000s ]
INFO: [ app_end ] --START--
INFO: Run Behavior\ShowPageTraceBehavior [ RunTime:0.001000s ]
INFO: [ app_end ] --END-- [ RunTime:0.002000s ]

[ 2015-07-28T09:30:03+08:00 ] 127.0.0.1 /index.php?s=/home/user/login.html
SQL: SELECT `type`,`name`,`value` FROM `tc_config` WHERE `status` = 1  [ RunTime:0.0020s ]
SQL: SHOW COLUMNS FROM `tc_category` [ RunTime:0.0040s ]
SQL: SELECT * FROM `tc_category` WHERE ( ismenu='2' and pid='0' ) ORDER BY id asc  [ RunTime:0.0010s ]
SQL: SELECT * FROM `tc_category` WHERE ( pid='77' )  [ RunTime:0.0010s ]
SQL: SELECT * FROM `tc_category` WHERE ( pid='133' )  [ RunTime:0.0010s ]
SQL: SELECT * FROM `tc_category` WHERE ( pid='137' )  [ RunTime:0.0010s ]
SQL: SELECT * FROM `tc_category` WHERE ( pid='141' )  [ RunTime:0.0010s ]
INFO: [ view_parse ] --START--
INFO: [ template_filter ] --START--
INFO: Run Behavior\ContentReplaceBehavior [ RunTime:0.001000s ]
INFO: [ template_filter ] --END-- [ RunTime:0.003000s ]
NOTIC: [8] Undefined variable: referr F:\gitHub\techan\Runtime\Cache\Home\b171d71961885d3bf0f7a9b2e0867b01.php 第 121 行.
INFO: Run Behavior\ParseTemplateBehavior [ RunTime:0.129007s ]
INFO: [ view_parse ] --END-- [ RunTime:0.130007s ]
INFO: [ view_filter ] --START--
INFO: Run Behavior\WriteHtmlCacheBehavior [ RunTime:0.001001s ]
INFO: [ view_filter ] --END-- [ RunTime:0.002001s ]
INFO: [ app_end ] --START--
INFO: Run Behavior\ShowPageTraceBehavior [ RunTime:0.001000s ]
INFO: [ app_end ] --END-- [ RunTime:0.002000s ]

[ 2015-07-28T09:30:03+08:00 ] 127.0.0.1 /index.php?s=/home/user/login.html
INFO: [ app_begin ] --START--
INFO: Run Behavior\ReadHtmlCacheBehavior [ RunTime:0.001000s ]
INFO: [ app_begin ] --END-- [ RunTime:0.006000s ]
SQL: SHOW COLUMNS FROM `tc_config` [ RunTime:0.0040s ]
SQL: SELECT `type`,`name`,`value` FROM `tc_config` WHERE `status` = 1  [ RunTime:0.0010s ]
NOTIC: [8] Undefined index: lite F:\gitHub\techan\ThinkPHP\Library\Think\Db.class.php 第 37 行.

[ 2015-07-28T09:30:05+08:00 ] 127.0.0.1 /index.php?s=/Home/Addons/execute/_addons/SyncLogin/_controller/Base/_action/login/type/qq.html
SQL: SHOW COLUMNS FROM `tc_addons` [ RunTime:0.0600s ]
SQL: SELECT * FROM `tc_addons` WHERE `name` = 'SyncLogin' LIMIT 1   [ RunTime:0.0010s ]

