[ 2015-07-29T15:48:20+08:00 ] 127.0.0.1 /admin.php?s=/public/login.html
INFO: [ view_parse ] --START--
INFO: [ template_filter ] --START--
INFO: Run Behavior\ContentReplaceBehavior [ RunTime:0.001000s ]
INFO: [ template_filter ] --END-- [ RunTime:0.001000s ]
INFO: Run Behavior\ParseTemplateBehavior [ RunTime:0.085005s ]
INFO: [ view_parse ] --END-- [ RunTime:0.086005s ]
INFO: [ view_filter ] --START--
INFO: Run Behavior\WriteHtmlCacheBehavior [ RunTime:0.001000s ]
INFO: [ view_filter ] --END-- [ RunTime:0.002000s ]
INFO: [ app_end ] --START--
INFO: Run Behavior\ShowPageTraceBehavior [ RunTime:0.002000s ]
INFO: [ app_end ] --END-- [ RunTime:0.002000s ]

[ 2015-07-29T15:48:20+08:00 ] 127.0.0.1 /admin.php?s=/public/login.html
INFO: [ view_parse ] --START--
INFO: [ template_filter ] --START--
INFO: Run Behavior\ContentReplaceBehavior [ RunTime:0.001000s ]
INFO: [ template_filter ] --END-- [ RunTime:0.001000s ]
INFO: Run Behavior\ParseTemplateBehavior [ RunTime:0.028001s ]
INFO: [ view_parse ] --END-- [ RunTime:0.029001s ]
INFO: [ view_filter ] --START--
INFO: Run Behavior\WriteHtmlCacheBehavior [ RunTime:0.001000s ]
INFO: [ view_filter ] --END-- [ RunTime:0.002001s ]
INFO: [ app_end ] --START--
INFO: Run Behavior\ShowPageTraceBehavior [ RunTime:0.004000s ]
INFO: [ app_end ] --END-- [ RunTime:0.004000s ]

[ 2015-07-29T15:48:22+08:00 ] 127.0.0.1 /admin.php?s=/public/login.html
INFO: [ app_begin ] --START--
INFO: Run Behavior\ReadHtmlCacheBehavior [ RunTime:0.001000s ]
INFO: [ app_begin ] --END-- [ RunTime:0.002000s ]
NOTIC: [8] Undefined index: lite F:\gitHub\techan\ThinkPHP\Library\Think\Db.class.php 第 37 行.
SQL: SHOW COLUMNS FROM `tc_member` [ RunTime:0.0040s ]
SQL: SELECT `uid`,`nickname`,`account`,`paykey`,`sex`,`birthday`,`qq`,`score`,`login`,`reg_ip`,`reg_time`,`last_login_ip`,`last_login_time`,`status` FROM `tc_member` WHERE `uid` = 1 LIMIT 1   [ RunTime:0.0010s ]
SQL: SHOW COLUMNS FROM `tc_action` [ RunTime:0.0040s ]
SQL: SELECT * FROM `tc_action` WHERE `name` = 'user_login' LIMIT 1   [ RunTime:0.0010s ]
SQL: SHOW COLUMNS FROM `tc_action_log` [ RunTime:0.0040s ]
SQL: INSERT INTO `tc_action_log` (`action_id`,`user_id`,`action_ip`,`model`,`record_id`,`create_time`,`remark`) VALUES ('1','1','2130706433','member','1','1438156102','hpf在2015-07-29 15:48登录了后台') [ RunTime:0.0080s ]
SQL: SELECT * FROM `tc_action` WHERE `name` = 'user_login' LIMIT 1   [ RunTime:0.0010s ]
NOTIC: [8] Undefined offset: 1 F:\gitHub\techan\Application\Common\Common\function.php 第 1056 行.
NOTIC: [2] array_key_exists() expects parameter 2 to be array, null given F:\gitHub\techan\Application\Common\Common\function.php 第 1056 行.
SQL: SELECT COUNT(*) AS tp_count FROM `tc_action_log` WHERE `action_id` = 1 AND `user_id` = 1 AND `create_time` > 1438069702 LIMIT 1   [ RunTime:0.0410s ]
SQL: UPDATE `tc_member` SET `login`=`login`+1,`last_login_time`='1438156102',`last_login_ip`='2130706433' WHERE `uid` = 1 [ RunTime:0.0240s ]

[ 2015-07-29T15:48:23+08:00 ] 127.0.0.1 /admin.php?s=/index/index.html
SQL: SHOW COLUMNS FROM `tc_menu` [ RunTime:0.0040s ]
SQL: SELECT `id`,`title`,`url` FROM `tc_menu` WHERE `pid` = 0 AND `hide` = 0 ORDER BY sort asc  [ RunTime:0.0010s ]
SQL: SELECT `pid` FROM `tc_menu` WHERE ( pid !=0 AND url like '%Index/index%' ) LIMIT 1   [ RunTime:0.0030s ]
SQL: SHOW COLUMNS FROM `tc_config` [ RunTime:0.0050s ]
SQL: UPDATE `tc_config` SET `value`='http://dev.techan.com' WHERE ( name='DOMAIN' ) [ RunTime:0.0010s ]
INFO: [ view_parse ] --START--
INFO: [ template_filter ] --START--
INFO: Run Behavior\ContentReplaceBehavior [ RunTime:0.000000s ]
INFO: [ template_filter ] --END-- [ RunTime:0.002000s ]
INFO: [ AdminIndex ] --START--
SQL: SHOW COLUMNS FROM `tc_addons` [ RunTime:0.0040s ]
SQL: SELECT `config` FROM `tc_addons` WHERE `name` = 'SiteStat' AND `status` = 1 LIMIT 1   [ RunTime:0.0220s ]
SQL: SHOW COLUMNS FROM `tc_member` [ RunTime:0.0040s ]
SQL: SELECT COUNT(*) AS tp_count FROM `tc_member` LIMIT 1   [ RunTime:0.0010s ]
SQL: SHOW COLUMNS FROM `tc_action_log` [ RunTime:0.0040s ]
SQL: SELECT COUNT(*) AS tp_count FROM `tc_action_log` LIMIT 1   [ RunTime:0.0010s ]
SQL: SHOW COLUMNS FROM `tc_document` [ RunTime:0.0040s ]
SQL: SELECT COUNT(*) AS tp_count FROM `tc_document` LIMIT 1   [ RunTime:0.0000s ]
SQL: SHOW COLUMNS FROM `tc_category` [ RunTime:0.0050s ]
SQL: SELECT COUNT(*) AS tp_count FROM `tc_category` LIMIT 1   [ RunTime:0.0010s ]
SQL: SHOW COLUMNS FROM `tc_model` [ RunTime:0.0040s ]
SQL: SELECT COUNT(*) AS tp_count FROM `tc_model` LIMIT 1   [ RunTime:0.0000s ]
INFO: [ view_parse ] --START--
INFO: [ template_filter ] --START--
INFO: Run Behavior\ContentReplaceBehavior [ RunTime:0.001000s ]
INFO: [ template_filter ] --END-- [ RunTime:-0.146008s ]
INFO: Run Behavior\ParseTemplateBehavior [ RunTime:0.015001s ]
INFO: [ view_parse ] --END-- [ RunTime:0.016001s ]
INFO: [ view_filter ] --START--
INFO: Run Behavior\WriteHtmlCacheBehavior [ RunTime:0.001000s ]
INFO: [ view_filter ] --END-- [ RunTime:0.002000s ]
INFO: Run Addons\SiteStat\SiteStatAddon [ RunTime:0.111006s ]
SQL: SELECT `config` FROM `tc_addons` WHERE `name` = 'SystemInfo' AND `status` = 1 LIMIT 1   [ RunTime:0.0000s ]
NOTIC: [8] Use of undefined constant HTTP_CLIENT_IP - assumed 'HTTP_CLIENT_IP' F:\gitHub\techan\Application\Common\Common\function.php 第 821 行.
NOTIC: [8] Use of undefined constant HTTP_X_FORWARDED_FOR - assumed 'HTTP_X_FORWARDED_FOR' F:\gitHub\techan\Application\Common\Common\function.php 第 823 行.
NOTIC: [8] Use of undefined constant REMOTE_ADDR - assumed 'REMOTE_ADDR' F:\gitHub\techan\Application\Common\Common\function.php 第 825 行.
NOTIC: [8] Use of undefined constant REMOTE_ADDR - assumed 'REMOTE_ADDR' F:\gitHub\techan\Application\Common\Common\function.php 第 825 行.
NOTIC: [8] Use of undefined constant unknown - assumed 'unknown' F:\gitHub\techan\Application\Common\Common\function.php 第 825 行.
NOTIC: [8] Use of undefined constant REMOTE_ADDR - assumed 'REMOTE_ADDR' F:\gitHub\techan\Application\Common\Common\function.php 第 826 行.
INFO: [ view_parse ] --START--
INFO: [ template_filter ] --START--
INFO: Run Behavior\ContentReplaceBehavior [ RunTime:0.000000s ]
INFO: [ template_filter ] --END-- [ RunTime:-0.845048s ]
SQL: select version() as v; [ RunTime:0.0010s ]
INFO: Run Behavior\ParseTemplateBehavior [ RunTime:0.021001s ]
INFO: [ view_parse ] --END-- [ RunTime:-0.681039s ]
INFO: [ view_filter ] --START--
INFO: Run Behavior\WriteHtmlCacheBehavior [ RunTime:0.001000s ]
INFO: [ view_filter ] --END-- [ RunTime:-0.701040s ]
INFO: Run Addons\SystemInfo\SystemInfoAddon [ RunTime:0.702040s ]
SQL: SELECT `config` FROM `tc_addons` WHERE `name` = 'DevTeam' AND `status` = 1 LIMIT 1   [ RunTime:0.0000s ]
INFO: [ view_parse ] --START--
INFO: [ template_filter ] --START--
INFO: Run Behavior\ContentReplaceBehavior [ RunTime:0.000000s ]
INFO: [ template_filter ] --END-- [ RunTime:-0.893051s ]
INFO: Run Behavior\ParseTemplateBehavior [ RunTime:0.013000s ]
INFO: [ view_parse ] --END-- [ RunTime:-0.733042s ]
INFO: [ view_filter ] --START--
INFO: Run Behavior\WriteHtmlCacheBehavior [ RunTime:0.000000s ]
INFO: [ view_filter ] --END-- [ RunTime:-0.745042s ]
INFO: Run Addons\DevTeam\DevTeamAddon [ RunTime:0.044003s ]
INFO: [ AdminIndex ] --END-- [ RunTime:0.858049s ]
INFO: Run Behavior\ParseTemplateBehavior [ RunTime:0.018001s ]
INFO: [ view_parse ] --END-- [ RunTime:-0.733042s ]
INFO: [ view_filter ] --START--
INFO: Run Behavior\WriteHtmlCacheBehavior [ RunTime:0.000000s ]
INFO: [ view_filter ] --END-- [ RunTime:-0.750043s ]
INFO: [ app_end ] --START--
INFO: Run Behavior\ShowPageTraceBehavior [ RunTime:0.001000s ]
INFO: [ app_end ] --END-- [ RunTime:0.002000s ]

[ 2015-07-29T15:48:25+08:00 ] 127.0.0.1 /admin.php?s=/config/group.html
SQL: SHOW COLUMNS FROM `tc_menu` [ RunTime:0.0030s ]
SQL: SELECT `id`,`title`,`url` FROM `tc_menu` WHERE `pid` = 0 AND `hide` = 0 ORDER BY sort asc  [ RunTime:0.0020s ]
SQL: SELECT `pid` FROM `tc_menu` WHERE ( pid !=0 AND url like '%Config/group%' ) LIMIT 1   [ RunTime:0.0010s ]
SQL: SELECT * FROM `tc_menu` WHERE `id` = 68 LIMIT 1   [ RunTime:0.0000s ]
SQL: SELECT DISTINCT  `group` FROM `tc_menu` WHERE `group` <> '' AND `pid` = 68  [ RunTime:0.0020s ]
SQL: SELECT `id`,`url` FROM `tc_menu` WHERE `pid` = 68 AND `hide` = 0  [ RunTime:0.0010s ]
SQL: SELECT `id`,`pid`,`title`,`url`,`tip` FROM `tc_menu` WHERE `group` = '系统设置' AND `pid` = 68 AND `hide` = 0 ORDER BY sort asc  [ RunTime:0.0010s ]
SQL: SELECT `id`,`pid`,`title`,`url`,`tip` FROM `tc_menu` WHERE `group` = '数据备份' AND `pid` = 68 AND `hide` = 0 ORDER BY sort asc  [ RunTime:0.0010s ]
SQL: SHOW COLUMNS FROM `tc_config` [ RunTime:0.0090s ]
SQL: SELECT `id`,`name`,`title`,`extra`,`value`,`remark`,`type` FROM `tc_config` WHERE `status` = 1 AND `group` = 1 ORDER BY sort  [ RunTime:0.0010s ]
INFO: [ view_parse ] --START--
INFO: [ template_filter ] --START--
INFO: Run Behavior\ContentReplaceBehavior [ RunTime:0.001000s ]
INFO: [ template_filter ] --END-- [ RunTime:0.002000s ]
INFO: Run Behavior\ParseTemplateBehavior [ RunTime:0.238014s ]
INFO: [ view_parse ] --END-- [ RunTime:0.239014s ]
INFO: [ view_filter ] --START--
INFO: Run Behavior\WriteHtmlCacheBehavior [ RunTime:0.001000s ]
INFO: [ view_filter ] --END-- [ RunTime:0.002000s ]
INFO: [ app_end ] --START--
INFO: Run Behavior\ShowPageTraceBehavior [ RunTime:0.001000s ]
INFO: [ app_end ] --END-- [ RunTime:0.002000s ]

[ 2015-07-29T15:48:27+08:00 ] 127.0.0.1 /admin.php?s=/goods/index.html
SQL: SHOW COLUMNS FROM `tc_menu` [ RunTime:0.0040s ]
SQL: SELECT `id`,`title`,`url` FROM `tc_menu` WHERE `pid` = 0 AND `hide` = 0 ORDER BY sort asc  [ RunTime:0.0010s ]
SQL: SELECT `pid` FROM `tc_menu` WHERE ( pid !=0 AND url like '%Goods/index%' ) LIMIT 1   [ RunTime:0.0010s ]
SQL: SHOW COLUMNS FROM `tc_auth_group_access` [ RunTime:0.0140s ]
SQL: SELECT `extend_id` FROM tc_auth_group_access g INNER JOIN tc_auth_extend c on g.group_id=c.group_id  WHERE ( g.uid='1' and c.type='1' and !isnull(extend_id) )  [ RunTime:0.0250s ]
SQL: SHOW COLUMNS FROM `tc_category` [ RunTime:0.0040s ]
SQL: SELECT `id`,`title`,`pid`,`allow_publish` FROM `tc_category` WHERE `status` = 1 AND `ismenu` = 1 ORDER BY pid,sort  [ RunTime:0.0030s ]
SQL: SHOW COLUMNS FROM `tc_model` [ RunTime:0.0030s ]
SQL: SELECT * FROM `tc_model` WHERE `name` = 'document' LIMIT 1   [ RunTime:0.0010s ]
SQL: SHOW COLUMNS FROM `tc_document` [ RunTime:0.0040s ]
SQL: SELECT COUNT(*) AS tp_count FROM tc_document DOCUMENT WHERE `status` IN ('0','1','2') AND `pid` = 0 AND `model_id` > 3 LIMIT 1   [ RunTime:0.0060s ]
SQL: SELECT `id`,`title`,`type`,`update_time`,`status`,`view`,`category_id`,`model_id`,`pid` FROM tc_document DOCUMENT WHERE `status` IN ('0','1','2') AND `pid` = 0 AND `model_id` > 3 ORDER BY level DESC,DOCUMENT.id DESC LIMIT 0,10   [ RunTime:0.0010s ]
SQL: SELECT `extend` FROM `tc_model` WHERE `id` = 1 LIMIT 1   [ RunTime:0.0000s ]
SQL: SHOW COLUMNS FROM `tc_attribute` [ RunTime:0.0040s ]
SQL: SELECT `id`,`name`,`type`,`extra` FROM `tc_attribute` WHERE `model_id` = 1  [ RunTime:0.0210s ]
NOTIC: [8] Undefined variable: groups F:\gitHub\techan\Application\Admin\Controller\GoodsController.class.php 第 233 行.
INFO: [ view_parse ] --START--
INFO: [ template_filter ] --START--
INFO: Run Behavior\ContentReplaceBehavior [ RunTime:0.001000s ]
INFO: [ template_filter ] --END-- [ RunTime:0.001000s ]
INFO: Run Behavior\ParseTemplateBehavior [ RunTime:0.394022s ]
INFO: [ view_parse ] --END-- [ RunTime:0.395022s ]
INFO: [ view_filter ] --START--
INFO: Run Behavior\WriteHtmlCacheBehavior [ RunTime:0.002000s ]
INFO: [ view_filter ] --END-- [ RunTime:0.003000s ]
INFO: [ app_end ] --START--
INFO: Run Behavior\ShowPageTraceBehavior [ RunTime:0.001000s ]
INFO: [ app_end ] --END-- [ RunTime:0.002000s ]

[ 2015-07-29T15:48:29+08:00 ] 127.0.0.1 /admin.php?s=/article/index.html
SQL: SHOW COLUMNS FROM `tc_menu` [ RunTime:0.0030s ]
SQL: SELECT `id`,`title`,`url` FROM `tc_menu` WHERE `pid` = 0 AND `hide` = 0 ORDER BY sort asc  [ RunTime:0.0010s ]
SQL: SELECT `pid` FROM `tc_menu` WHERE ( pid !=0 AND url like '%Article/index%' ) LIMIT 1   [ RunTime:0.0000s ]
SQL: SELECT * FROM `tc_menu` WHERE `id` = 2 LIMIT 1   [ RunTime:0.0000s ]
SQL: SELECT DISTINCT  `group` FROM `tc_menu` WHERE `group` <> '' AND `pid` = 2  [ RunTime:0.0010s ]
SQL: SELECT `id`,`url` FROM `tc_menu` WHERE `pid` = 2 AND `hide` = 0  [ RunTime:0.0010s ]
SQL: SELECT `id`,`pid`,`title`,`url`,`tip` FROM `tc_menu` WHERE `group` = '内容' AND `pid` = 2 AND `hide` = 0 ORDER BY sort asc  [ RunTime:0.0010s ]
SQL: SHOW COLUMNS FROM `tc_auth_group_access` [ RunTime:0.0050s ]
SQL: SELECT `extend_id` FROM tc_auth_group_access g INNER JOIN tc_auth_extend c on g.group_id=c.group_id  WHERE ( g.uid='1' and c.type='1' and !isnull(extend_id) )  [ RunTime:0.0000s ]
SQL: SHOW COLUMNS FROM `tc_category` [ RunTime:0.0040s ]
SQL: SELECT `id`,`title`,`pid`,`allow_publish` FROM `tc_category` WHERE `status` = 1 AND `ismenu` <> 1 ORDER BY pid,sort  [ RunTime:0.0010s ]
SQL: SHOW COLUMNS FROM `tc_model` [ RunTime:0.0030s ]
SQL: SELECT * FROM `tc_model` WHERE `name` = 'document' LIMIT 1   [ RunTime:0.0010s ]
SQL: SHOW COLUMNS FROM `tc_document` [ RunTime:0.0040s ]
SQL: SELECT COUNT(*) AS tp_count FROM tc_document DOCUMENT WHERE `status` IN ('0','1','2') AND `pid` = 0 LIMIT 1   [ RunTime:0.0000s ]
SQL: SELECT `id`,`title`,`type`,`update_time`,`status`,`view`,`category_id`,`model_id`,`pid` FROM tc_document DOCUMENT WHERE `status` IN ('0','1','2') AND `pid` = 0 ORDER BY id DESC LIMIT 0,10   [ RunTime:0.0020s ]
SQL: SELECT `extend` FROM `tc_model` WHERE `id` = 1 LIMIT 1   [ RunTime:0.0010s ]
SQL: SHOW COLUMNS FROM `tc_attribute` [ RunTime:0.0040s ]
SQL: SELECT `id`,`name`,`type`,`extra` FROM `tc_attribute` WHERE `model_id` = 1  [ RunTime:0.0000s ]
NOTIC: [8] Undefined variable: groups F:\gitHub\techan\Application\Admin\Controller\ArticleController.class.php 第 233 行.
INFO: [ view_parse ] --START--
INFO: [ template_filter ] --START--
INFO: Run Behavior\ContentReplaceBehavior [ RunTime:0.000000s ]
INFO: [ template_filter ] --END-- [ RunTime:0.002000s ]
NOTIC: [8] Undefined index: _child F:\gitHub\techan\Runtime\Cache\Admin\7a4184ffe8f804b12b2e7f8851dd8f7d.php 第 81 行.
NOTIC: [8] Undefined index: _child F:\gitHub\techan\Runtime\Cache\Admin\7a4184ffe8f804b12b2e7f8851dd8f7d.php 第 81 行.
INFO: Run Behavior\ParseTemplateBehavior [ RunTime:0.427024s ]
INFO: [ view_parse ] --END-- [ RunTime:0.427024s ]
INFO: [ view_filter ] --START--
INFO: Run Behavior\WriteHtmlCacheBehavior [ RunTime:0.001000s ]
INFO: [ view_filter ] --END-- [ RunTime:0.002000s ]
INFO: [ app_end ] --START--
INFO: Run Behavior\ShowPageTraceBehavior [ RunTime:0.001000s ]
INFO: [ app_end ] --END-- [ RunTime:0.004001s ]

[ 2015-07-29T15:48:31+08:00 ] 127.0.0.1 /admin.php?s=/article/index/cate_id/70.html
SQL: SHOW COLUMNS FROM `tc_auth_group_access` [ RunTime:0.0040s ]
SQL: SELECT `extend_id` FROM tc_auth_group_access g INNER JOIN tc_auth_extend c on g.group_id=c.group_id  WHERE ( g.uid='1' and c.type='1' and !isnull(extend_id) )  [ RunTime:0.0010s ]
SQL: SHOW COLUMNS FROM `tc_category` [ RunTime:0.0040s ]
SQL: SELECT `id`,`title`,`pid`,`allow_publish` FROM `tc_category` WHERE `status` = 1 AND `ismenu` <> 1 ORDER BY pid,sort  [ RunTime:0.0010s ]
SQL: SELECT `id`,`title`,`pid` FROM `tc_category` WHERE `status` = 1 ORDER BY sort  [ RunTime:0.0010s ]
NOTIC: [8] Undefined index: groups F:\gitHub\techan\Application\Common\Common\function.php 第 639 行.
SQL: SHOW COLUMNS FROM `tc_model` [ RunTime:0.0040s ]
SQL: SELECT * FROM `tc_model` WHERE `id` = 2 LIMIT 1   [ RunTime:0.0010s ]
SQL: SHOW COLUMNS FROM `tc_document` [ RunTime:0.0030s ]
SQL: SELECT `name` FROM `tc_model` WHERE `id` = 2 LIMIT 1   [ RunTime:0.0010s ]
SQL: SELECT COUNT(*) AS tp_count FROM tc_document DOCUMENT INNER JOIN tc_document_article article ON DOCUMENT.id=article.id  WHERE `status` IN ('0','1','2') AND `category_id` = '70' AND `pid` = 0 AND `model_id` = '2' LIMIT 1   [ RunTime:0.0010s ]
SQL: SELECT `title`,`type`,`update_time`,`status`,`view`,`category_id`,`model_id`,`pid`,DOCUMENT.id FROM tc_document DOCUMENT INNER JOIN tc_document_article article ON DOCUMENT.id=article.id  WHERE `status` IN ('0','1','2') AND `category_id` = '70' AND `pid` = 0 AND `model_id` = '2' ORDER BY id DESC LIMIT 0,10   [ RunTime:0.0010s ]
SQL: SELECT `extend` FROM `tc_model` WHERE `id` = 2 LIMIT 1   [ RunTime:0.0000s ]
SQL: SHOW COLUMNS FROM `tc_attribute` [ RunTime:0.0050s ]
SQL: SELECT `id`,`name`,`type`,`extra` FROM `tc_attribute` WHERE `model_id` IN ('2','1')  [ RunTime:0.0010s ]
INFO: [ view_parse ] --START--
INFO: [ template_filter ] --START--
INFO: Run Behavior\ContentReplaceBehavior [ RunTime:0.002000s ]
INFO: [ template_filter ] --END-- [ RunTime:0.004000s ]
NOTIC: [8] Undefined index: _child F:\gitHub\techan\Runtime\Cache\Admin\7a4184ffe8f804b12b2e7f8851dd8f7d.php 第 81 行.
NOTIC: [8] Undefined index: _child F:\gitHub\techan\Runtime\Cache\Admin\7a4184ffe8f804b12b2e7f8851dd8f7d.php 第 81 行.
INFO: Run Behavior\ParseTemplateBehavior [ RunTime:0.359021s ]
INFO: [ view_parse ] --END-- [ RunTime:0.360021s ]
INFO: [ view_filter ] --START--
INFO: Run Behavior\WriteHtmlCacheBehavior [ RunTime:0.001000s ]
INFO: [ view_filter ] --END-- [ RunTime:0.002000s ]
INFO: [ app_end ] --START--
INFO: Run Behavior\ShowPageTraceBehavior [ RunTime:0.001000s ]
INFO: [ app_end ] --END-- [ RunTime:0.003000s ]

[ 2015-07-29T16:42:49+08:00 ] 127.0.0.1 /admin.php?s=/article/edit/id/73/model/2/cate_id/70.html
SQL: SHOW COLUMNS FROM `tc_auth_group_access` [ RunTime:0.0030s ]
SQL: SELECT `extend_id` FROM tc_auth_group_access g INNER JOIN tc_auth_extend c on g.group_id=c.group_id  WHERE ( g.uid='1' and c.type='1' and !isnull(extend_id) )  [ RunTime:0.0000s ]
SQL: SHOW COLUMNS FROM `tc_category` [ RunTime:0.0130s ]
SQL: SELECT `id`,`title`,`pid`,`allow_publish` FROM `tc_category` WHERE `status` = 1 AND `ismenu` <> 1 ORDER BY pid,sort  [ RunTime:0.0010s ]
SQL: SELECT `id`,`title`,`pid` FROM `tc_category` WHERE `status` = 1 ORDER BY sort  [ RunTime:0.0010s ]
SQL: SHOW COLUMNS FROM `tc_document` [ RunTime:0.0060s ]
SQL: SELECT `id`,`uid`,`name`,`title`,`category_id`,`description`,`root`,`pid`,`model_id`,`type`,`position`,`link_id`,`cover_id`,`display`,`deadline`,`attach`,`view`,`comment`,`extend`,`level`,`create_time`,`update_time`,`status`,`price`,`tuan_price`,`qg_price`,`ms_price`,`brand`,`sale`,`percent` FROM `tc_document` WHERE `id` = 73 LIMIT 1   [ RunTime:0.0030s ]
SQL: SHOW COLUMNS FROM `tc_document_article` [ RunTime:0.0030s ]
SQL: SELECT `id`,`parse`,`content`,`template`,`bookmark` FROM `tc_document_article` WHERE `id` = 73 LIMIT 1   [ RunTime:0.0010s ]
SQL: SHOW COLUMNS FROM `tc_model` [ RunTime:0.0040s ]
SQL: SELECT `extend` FROM `tc_model` WHERE `id` = 2 LIMIT 1   [ RunTime:0.0010s ]
SQL: SHOW COLUMNS FROM `tc_attribute` [ RunTime:0.0030s ]
SQL: SELECT `id`,`name`,`title`,`field`,`type`,`value`,`remark`,`is_show`,`extra`,`model_id`,`is_must`,`status`,`update_time`,`create_time`,`validate_rule`,`validate_time`,`error_info`,`validate_type`,`auto_rule`,`auto_time`,`auto_type` FROM `tc_attribute` WHERE `model_id` IN ('2','1')  [ RunTime:0.0010s ]
SQL: SELECT `field_sort` FROM `tc_model` WHERE `id` = 2 LIMIT 1   [ RunTime:0.0010s ]
SQL: SELECT `type` FROM `tc_category` WHERE `id` = 70 LIMIT 1   [ RunTime:0.0010s ]
INFO: [ view_parse ] --START--
INFO: [ template_filter ] --START--
INFO: Run Behavior\ContentReplaceBehavior [ RunTime:0.000000s ]
INFO: [ template_filter ] --END-- [ RunTime:0.002000s ]
NOTIC: [8] Undefined index: _child F:\gitHub\techan\Runtime\Cache\Admin\761055de2f430bef08441163fbb8bda7.php 第 81 行.
NOTIC: [8] Undefined index: _child F:\gitHub\techan\Runtime\Cache\Admin\761055de2f430bef08441163fbb8bda7.php 第 81 行.
NOTIC: [8] Use of undefined constant content - assumed 'content' F:\gitHub\techan\Runtime\Cache\Admin\761055de2f430bef08441163fbb8bda7.php 第 179 行.
NOTIC: [8] Use of undefined constant content - assumed 'content' F:\gitHub\techan\Runtime\Cache\Admin\761055de2f430bef08441163fbb8bda7.php 第 179 行.
INFO: [ adminArticleEdit ] --START--
SQL: SHOW COLUMNS FROM `tc_addons` [ RunTime:0.0030s ]
SQL: SELECT `config` FROM `tc_addons` WHERE `name` = 'EditorForAdmin' AND `status` = 1 LIMIT 1   [ RunTime:0.0010s ]
INFO: [ view_parse ] --START--
INFO: [ template_filter ] --START--
INFO: Run Behavior\ContentReplaceBehavior [ RunTime:0.001000s ]
INFO: [ template_filter ] --END-- [ RunTime:-0.214012s ]
INFO: Run Behavior\ParseTemplateBehavior [ RunTime:0.047003s ]
INFO: [ view_parse ] --END-- [ RunTime:0.049003s ]
INFO: [ view_filter ] --START--
INFO: Run Behavior\WriteHtmlCacheBehavior [ RunTime:0.001000s ]
INFO: [ view_filter ] --END-- [ RunTime:0.002000s ]
INFO: Run Addons\EditorForAdmin\EditorForAdminAddon [ RunTime:0.096005s ]
INFO: [ adminArticleEdit ] --END-- [ RunTime:0.096005s ]
NOTIC: [8] Use of undefined constant cover_id - assumed 'cover_id' F:\gitHub\techan\Runtime\Cache\Admin\761055de2f430bef08441163fbb8bda7.php 第 222 行.
NOTIC: [8] Use of undefined constant cover_id - assumed 'cover_id' F:\gitHub\techan\Runtime\Cache\Admin\761055de2f430bef08441163fbb8bda7.php 第 224 行.
NOTIC: [8] Use of undefined constant create_time - assumed 'create_time' F:\gitHub\techan\Runtime\Cache\Admin\761055de2f430bef08441163fbb8bda7.php 第 279 行.
NOTIC: [8] Use of undefined constant deadline - assumed 'deadline' F:\gitHub\techan\Runtime\Cache\Admin\761055de2f430bef08441163fbb8bda7.php 第 283 行.
NOTIC: [8] Undefined variable: info F:\gitHub\techan\Runtime\Cache\Admin\761055de2f430bef08441163fbb8bda7.php 第 297 行.
INFO: Run Behavior\ParseTemplateBehavior [ RunTime:0.084005s ]
INFO: [ view_parse ] --END-- [ RunTime:0.049003s ]
INFO: [ view_filter ] --START--
INFO: Run Behavior\WriteHtmlCacheBehavior [ RunTime:0.000000s ]
INFO: [ view_filter ] --END-- [ RunTime:-0.035002s ]
INFO: [ app_end ] --START--
INFO: Run Behavior\ShowPageTraceBehavior [ RunTime:0.001000s ]
INFO: [ app_end ] --END-- [ RunTime:0.002000s ]

